Analysis & Synthesis report for VGA_Project
Fri Jun 24 14:09:26 2022
Quartus Prime Version 21.1.0 Build 842 10/21/2021 SJ Lite Edition


---------------------
; Table of Contents ;
---------------------
  1. Legal Notice
  2. Analysis & Synthesis Summary
  3. Analysis & Synthesis Settings
  4. Parallel Compilation
  5. Analysis & Synthesis Source Files Read
  6. Analysis & Synthesis Resource Usage Summary
  7. Analysis & Synthesis Resource Utilization by Entity
  8. Analysis & Synthesis RAM Summary
  9. Registers Removed During Synthesis
 10. General Register Statistics
 11. Inverted Register Statistics
 12. Registers Packed Into Inferred Megafunctions
 13. Multiplexer Restructuring Statistics (Restructuring Performed)
 14. Source assignments for rom:vrom|altsyncram:mem_rtl_0|altsyncram_p9d1:auto_generated
 15. Parameter Settings for User Entity Instance: rom:vrom
 16. Parameter Settings for User Entity Instance: vga_driver:vga_driver
 17. Parameter Settings for Inferred Entity Instance: rom:vrom|altsyncram:mem_rtl_0
 18. Parameter Settings for Inferred Entity Instance: lpm_divide:Mod1
 19. Parameter Settings for Inferred Entity Instance: lpm_divide:Mod0
 20. Parameter Settings for Inferred Entity Instance: lpm_divide:Mod2
 21. altsyncram Parameter Settings by Entity Instance
 22. Post-Synthesis Netlist Statistics for Top Partition
 23. Elapsed Time Per Partition
 24. Analysis & Synthesis Messages
 25. Analysis & Synthesis Suppressed Messages



----------------
; Legal Notice ;
----------------
Copyright (C) 2021  Intel Corporation. All rights reserved.
Your use of Intel Corporation's design tools, logic functions 
and other software and tools, and any partner logic 
functions, and any output files from any of the foregoing 
(including device programming or simulation files), and any 
associated documentation or information are expressly subject 
to the terms and conditions of the Intel Program License 
Subscription Agreement, the Intel Quartus Prime License Agreement,
the Intel FPGA IP License Agreement, or other applicable license
agreement, including, without limitation, that your use is for
the sole purpose of programming logic devices manufactured by
Intel and sold by Intel or its authorized distributors.  Please
refer to the applicable agreement for further details, at
https://fpgasoftware.intel.com/eula.



+-------------------------------------------------------------------------------+
; Analysis & Synthesis Summary                                                  ;
+---------------------------------+---------------------------------------------+
; Analysis & Synthesis Status     ; Successful - Fri Jun 24 14:09:26 2022       ;
; Quartus Prime Version           ; 21.1.0 Build 842 10/21/2021 SJ Lite Edition ;
; Revision Name                   ; VGA_Project                                 ;
; Top-level Entity Name           ; VGA_Project                                 ;
; Family                          ; Cyclone V                                   ;
; Logic utilization (in ALMs)     ; N/A                                         ;
; Total registers                 ; 77                                          ;
; Total pins                      ; 38                                          ;
; Total virtual pins              ; 0                                           ;
; Total block memory bits         ; 768                                         ;
; Total DSP Blocks                ; 0                                           ;
; Total HSSI RX PCSs              ; 0                                           ;
; Total HSSI PMA RX Deserializers ; 0                                           ;
; Total HSSI TX PCSs              ; 0                                           ;
; Total HSSI PMA TX Serializers   ; 0                                           ;
; Total PLLs                      ; 0                                           ;
; Total DLLs                      ; 0                                           ;
+---------------------------------+---------------------------------------------+


+---------------------------------------------------------------------------------------------------------------------------+
; Analysis & Synthesis Settings                                                                                             ;
+---------------------------------------------------------------------------------+--------------------+--------------------+
; Option                                                                          ; Setting            ; Default Value      ;
+---------------------------------------------------------------------------------+--------------------+--------------------+
; Device                                                                          ; 5CSEMA5F31C6       ;                    ;
; Top-level entity name                                                           ; VGA_Project        ; VGA_Project        ;
; Family name                                                                     ; Cyclone V          ; Cyclone V          ;
; Use smart compilation                                                           ; Off                ; Off                ;
; Enable parallel Assembler and Timing Analyzer during compilation                ; On                 ; On                 ;
; Enable compact report table                                                     ; Off                ; Off                ;
; Restructure Multiplexers                                                        ; Auto               ; Auto               ;
; MLAB Add Timing Constraints For Mixed-Port Feed-Through Mode Setting Don't Care ; Off                ; Off                ;
; Create Debugging Nodes for IP Cores                                             ; Off                ; Off                ;
; Preserve fewer node names                                                       ; On                 ; On                 ;
; Intel FPGA IP Evaluation Mode                                                   ; Enable             ; Enable             ;
; Verilog Version                                                                 ; Verilog_2001       ; Verilog_2001       ;
; VHDL Version                                                                    ; VHDL_1993          ; VHDL_1993          ;
; State Machine Processing                                                        ; Auto               ; Auto               ;
; Safe State Machine                                                              ; Off                ; Off                ;
; Extract Verilog State Machines                                                  ; On                 ; On                 ;
; Extract VHDL State Machines                                                     ; On                 ; On                 ;
; Ignore Verilog initial constructs                                               ; Off                ; Off                ;
; Iteration limit for constant Verilog loops                                      ; 5000               ; 5000               ;
; Iteration limit for non-constant Verilog loops                                  ; 250                ; 250                ;
; Add Pass-Through Logic to Inferred RAMs                                         ; On                 ; On                 ;
; Infer RAMs from Raw Logic                                                       ; On                 ; On                 ;
; Parallel Synthesis                                                              ; On                 ; On                 ;
; DSP Block Balancing                                                             ; Auto               ; Auto               ;
; NOT Gate Push-Back                                                              ; On                 ; On                 ;
; Power-Up Don't Care                                                             ; On                 ; On                 ;
; Remove Redundant Logic Cells                                                    ; Off                ; Off                ;
; Remove Duplicate Registers                                                      ; On                 ; On                 ;
; Ignore CARRY Buffers                                                            ; Off                ; Off                ;
; Ignore CASCADE Buffers                                                          ; Off                ; Off                ;
; Ignore GLOBAL Buffers                                                           ; Off                ; Off                ;
; Ignore ROW GLOBAL Buffers                                                       ; Off                ; Off                ;
; Ignore LCELL Buffers                                                            ; Off                ; Off                ;
; Ignore SOFT Buffers                                                             ; On                 ; On                 ;
; Limit AHDL Integers to 32 Bits                                                  ; Off                ; Off                ;
; Optimization Technique                                                          ; Balanced           ; Balanced           ;
; Carry Chain Length                                                              ; 70                 ; 70                 ;
; Auto Carry Chains                                                               ; On                 ; On                 ;
; Auto Open-Drain Pins                                                            ; On                 ; On                 ;
; Perform WYSIWYG Primitive Resynthesis                                           ; Off                ; Off                ;
; Auto ROM Replacement                                                            ; On                 ; On                 ;
; Auto RAM Replacement                                                            ; On                 ; On                 ;
; Auto DSP Block Replacement                                                      ; On                 ; On                 ;
; Auto Shift Register Replacement                                                 ; Auto               ; Auto               ;
; Allow Shift Register Merging across Hierarchies                                 ; Auto               ; Auto               ;
; Auto Clock Enable Replacement                                                   ; On                 ; On                 ;
; Strict RAM Replacement                                                          ; Off                ; Off                ;
; Allow Synchronous Control Signals                                               ; On                 ; On                 ;
; Force Use of Synchronous Clear Signals                                          ; Off                ; Off                ;
; Auto Resource Sharing                                                           ; Off                ; Off                ;
; Allow Any RAM Size For Recognition                                              ; Off                ; Off                ;
; Allow Any ROM Size For Recognition                                              ; Off                ; Off                ;
; Allow Any Shift Register Size For Recognition                                   ; Off                ; Off                ;
; Use LogicLock Constraints during Resource Balancing                             ; On                 ; On                 ;
; Ignore translate_off and synthesis_off directives                               ; Off                ; Off                ;
; Timing-Driven Synthesis                                                         ; On                 ; On                 ;
; Report Parameter Settings                                                       ; On                 ; On                 ;
; Report Source Assignments                                                       ; On                 ; On                 ;
; Report Connectivity Checks                                                      ; On                 ; On                 ;
; Ignore Maximum Fan-Out Assignments                                              ; Off                ; Off                ;
; Synchronization Register Chain Length                                           ; 3                  ; 3                  ;
; Power Optimization During Synthesis                                             ; Normal compilation ; Normal compilation ;
; HDL message level                                                               ; Level2             ; Level2             ;
; Suppress Register Optimization Related Messages                                 ; Off                ; Off                ;
; Number of Removed Registers Reported in Synthesis Report                        ; 5000               ; 5000               ;
; Number of Swept Nodes Reported in Synthesis Report                              ; 5000               ; 5000               ;
; Number of Inverted Registers Reported in Synthesis Report                       ; 100                ; 100                ;
; Clock MUX Protection                                                            ; On                 ; On                 ;
; Auto Gated Clock Conversion                                                     ; Off                ; Off                ;
; Block Design Naming                                                             ; Auto               ; Auto               ;
; SDC constraint protection                                                       ; Off                ; Off                ;
; Synthesis Effort                                                                ; Auto               ; Auto               ;
; Shift Register Replacement - Allow Asynchronous Clear Signal                    ; On                 ; On                 ;
; Pre-Mapping Resynthesis Optimization                                            ; Off                ; Off                ;
; Analysis & Synthesis Message Level                                              ; Medium             ; Medium             ;
; Disable Register Merging Across Hierarchies                                     ; Auto               ; Auto               ;
; Resource Aware Inference For Block RAM                                          ; On                 ; On                 ;
; Automatic Parallel Synthesis                                                    ; On                 ; On                 ;
; Partial Reconfiguration Bitstream ID                                            ; Off                ; Off                ;
+---------------------------------------------------------------------------------+--------------------+--------------------+


+------------------------------------------+
; Parallel Compilation                     ;
+----------------------------+-------------+
; Processors                 ; Number      ;
+----------------------------+-------------+
; Number detected on machine ; 16          ;
; Maximum allowed            ; 8           ;
;                            ;             ;
; Average used               ; 1.00        ;
; Maximum used               ; 8           ;
;                            ;             ;
; Usage by Processor         ; % Time Used ;
;     Processor 1            ; 100.0%      ;
;     Processor 2            ;   0.0%      ;
;     Processor 3            ;   0.0%      ;
;     Processor 4            ;   0.0%      ;
;     Processor 5            ;   0.0%      ;
;     Processor 6            ;   0.0%      ;
;     Processor 7            ;   0.0%      ;
;     Processor 8            ;   0.0%      ;
+----------------------------+-------------+


+-------------------------------------------------------------------------------------------------------------------------------------------------------------------------------------------------------------+
; Analysis & Synthesis Source Files Read                                                                                                                                                                      ;
+------------------------------------------+-----------------+-------------------------------------------------------+------------------------------------------------------------------------------+---------+
; File Name with User-Entered Path         ; Used in Netlist ; File Type                                             ; File Name with Absolute Path                                                 ; Library ;
+------------------------------------------+-----------------+-------------------------------------------------------+------------------------------------------------------------------------------+---------+
; VGA_Project.v                            ; yes             ; User Verilog HDL File                                 ; B:/Local_workspace/VGA_Project/VGA_Project.v                                 ;         ;
; rom.v                                    ; yes             ; User Verilog HDL File                                 ; B:/Local_workspace/VGA_Project/rom.v                                         ;         ;
; vga_driver.v                             ; yes             ; User Verilog HDL File                                 ; B:/Local_workspace/VGA_Project/vga_driver.v                                  ;         ;
; altsyncram.tdf                           ; yes             ; Megafunction                                          ; c:/intelfpga_lite/21.1/quartus/libraries/megafunctions/altsyncram.tdf        ;         ;
; stratix_ram_block.inc                    ; yes             ; Megafunction                                          ; c:/intelfpga_lite/21.1/quartus/libraries/megafunctions/stratix_ram_block.inc ;         ;
; lpm_mux.inc                              ; yes             ; Megafunction                                          ; c:/intelfpga_lite/21.1/quartus/libraries/megafunctions/lpm_mux.inc           ;         ;
; lpm_decode.inc                           ; yes             ; Megafunction                                          ; c:/intelfpga_lite/21.1/quartus/libraries/megafunctions/lpm_decode.inc        ;         ;
; aglobal211.inc                           ; yes             ; Megafunction                                          ; c:/intelfpga_lite/21.1/quartus/libraries/megafunctions/aglobal211.inc        ;         ;
; a_rdenreg.inc                            ; yes             ; Megafunction                                          ; c:/intelfpga_lite/21.1/quartus/libraries/megafunctions/a_rdenreg.inc         ;         ;
; altrom.inc                               ; yes             ; Megafunction                                          ; c:/intelfpga_lite/21.1/quartus/libraries/megafunctions/altrom.inc            ;         ;
; altram.inc                               ; yes             ; Megafunction                                          ; c:/intelfpga_lite/21.1/quartus/libraries/megafunctions/altram.inc            ;         ;
; altdpram.inc                             ; yes             ; Megafunction                                          ; c:/intelfpga_lite/21.1/quartus/libraries/megafunctions/altdpram.inc          ;         ;
; db/altsyncram_p9d1.tdf                   ; yes             ; Auto-Generated Megafunction                           ; B:/Local_workspace/VGA_Project/db/altsyncram_p9d1.tdf                        ;         ;
; db/VGA_Project.ram0_rom_603efe6d.hdl.mif ; yes             ; Auto-Generated Auto-Found Memory Initialization File  ; B:/Local_workspace/VGA_Project/db/VGA_Project.ram0_rom_603efe6d.hdl.mif      ;         ;
; lpm_divide.tdf                           ; yes             ; Megafunction                                          ; c:/intelfpga_lite/21.1/quartus/libraries/megafunctions/lpm_divide.tdf        ;         ;
; abs_divider.inc                          ; yes             ; Megafunction                                          ; c:/intelfpga_lite/21.1/quartus/libraries/megafunctions/abs_divider.inc       ;         ;
; sign_div_unsign.inc                      ; yes             ; Megafunction                                          ; c:/intelfpga_lite/21.1/quartus/libraries/megafunctions/sign_div_unsign.inc   ;         ;
; db/lpm_divide_vio.tdf                    ; yes             ; Auto-Generated Megafunction                           ; B:/Local_workspace/VGA_Project/db/lpm_divide_vio.tdf                         ;         ;
; db/abs_divider_5dg.tdf                   ; yes             ; Auto-Generated Megafunction                           ; B:/Local_workspace/VGA_Project/db/abs_divider_5dg.tdf                        ;         ;
; db/alt_u_div_q2f.tdf                     ; yes             ; Auto-Generated Megafunction                           ; B:/Local_workspace/VGA_Project/db/alt_u_div_q2f.tdf                          ;         ;
; db/lpm_abs_5p9.tdf                       ; yes             ; Auto-Generated Megafunction                           ; B:/Local_workspace/VGA_Project/db/lpm_abs_5p9.tdf                            ;         ;
; db/lpm_abs_4p9.tdf                       ; yes             ; Auto-Generated Megafunction                           ; B:/Local_workspace/VGA_Project/db/lpm_abs_4p9.tdf                            ;         ;
; db/lpm_divide_0jo.tdf                    ; yes             ; Auto-Generated Megafunction                           ; B:/Local_workspace/VGA_Project/db/lpm_divide_0jo.tdf                         ;         ;
; db/abs_divider_6dg.tdf                   ; yes             ; Auto-Generated Megafunction                           ; B:/Local_workspace/VGA_Project/db/abs_divider_6dg.tdf                        ;         ;
; db/alt_u_div_s2f.tdf                     ; yes             ; Auto-Generated Megafunction                           ; B:/Local_workspace/VGA_Project/db/alt_u_div_s2f.tdf                          ;         ;
; db/lpm_abs_6p9.tdf                       ; yes             ; Auto-Generated Megafunction                           ; B:/Local_workspace/VGA_Project/db/lpm_abs_6p9.tdf                            ;         ;
; db/lpm_divide_k3m.tdf                    ; yes             ; Auto-Generated Megafunction                           ; B:/Local_workspace/VGA_Project/db/lpm_divide_k3m.tdf                         ;         ;
; db/sign_div_unsign_nlh.tdf               ; yes             ; Auto-Generated Megafunction                           ; B:/Local_workspace/VGA_Project/db/sign_div_unsign_nlh.tdf                    ;         ;
; db/alt_u_div_kve.tdf                     ; yes             ; Auto-Generated Megafunction                           ; B:/Local_workspace/VGA_Project/db/alt_u_div_kve.tdf                          ;         ;
+------------------------------------------+-----------------+-------------------------------------------------------+------------------------------------------------------------------------------+---------+


+-----------------------------------------------------------+
; Analysis & Synthesis Resource Usage Summary               ;
+---------------------------------------------+-------------+
; Resource                                    ; Usage       ;
+---------------------------------------------+-------------+
; Estimate of Logic utilization (ALMs needed) ; 861         ;
;                                             ;             ;
; Combinational ALUT usage for logic          ; 1665        ;
;     -- 7 input functions                    ; 1           ;
;     -- 6 input functions                    ; 56          ;
;     -- 5 input functions                    ; 9           ;
;     -- 4 input functions                    ; 448         ;
;     -- <=3 input functions                  ; 1151        ;
;                                             ;             ;
; Dedicated logic registers                   ; 77          ;
;                                             ;             ;
; I/O pins                                    ; 38          ;
; Total MLAB memory bits                      ; 0           ;
; Total block memory bits                     ; 768         ;
;                                             ;             ;
; Total DSP Blocks                            ; 0           ;
;                                             ;             ;
; Maximum fan-out node                        ; counter[31] ;
; Maximum fan-out                             ; 108         ;
; Total fan-out                               ; 5551        ;
; Average fan-out                             ; 3.05        ;
+---------------------------------------------+-------------+


+--------------------------------------------------------------------------------------------------------------------------------------------------------------------------------------------------------------------------------------------------------------------------------------------------------+
; Analysis & Synthesis Resource Utilization by Entity                                                                                                                                                                                                                                                    ;
+-------------------------------------------+---------------------+---------------------------+-------------------+------------+------+--------------+--------------------------------------------------------------------------------------------------------------+---------------------+--------------+
; Compilation Hierarchy Node                ; Combinational ALUTs ; Dedicated Logic Registers ; Block Memory Bits ; DSP Blocks ; Pins ; Virtual Pins ; Full Hierarchy Name                                                                                          ; Entity Name         ; Library Name ;
+-------------------------------------------+---------------------+---------------------------+-------------------+------------+------+--------------+--------------------------------------------------------------------------------------------------------------+---------------------+--------------+
; |VGA_Project                              ; 1665 (128)          ; 77 (55)                   ; 768               ; 0          ; 38   ; 0            ; |VGA_Project                                                                                                 ; VGA_Project         ; work         ;
;    |lpm_divide:Mod0|                      ; 623 (0)             ; 0 (0)                     ; 0                 ; 0          ; 0    ; 0            ; |VGA_Project|lpm_divide:Mod0                                                                                 ; lpm_divide          ; work         ;
;       |lpm_divide_0jo:auto_generated|     ; 623 (0)             ; 0 (0)                     ; 0                 ; 0          ; 0    ; 0            ; |VGA_Project|lpm_divide:Mod0|lpm_divide_0jo:auto_generated                                                   ; lpm_divide_0jo      ; work         ;
;          |abs_divider_6dg:divider|        ; 623 (25)            ; 0 (0)                     ; 0                 ; 0          ; 0    ; 0            ; |VGA_Project|lpm_divide:Mod0|lpm_divide_0jo:auto_generated|abs_divider_6dg:divider                           ; abs_divider_6dg     ; work         ;
;             |alt_u_div_s2f:divider|       ; 566 (566)           ; 0 (0)                     ; 0                 ; 0          ; 0    ; 0            ; |VGA_Project|lpm_divide:Mod0|lpm_divide_0jo:auto_generated|abs_divider_6dg:divider|alt_u_div_s2f:divider     ; alt_u_div_s2f       ; work         ;
;             |lpm_abs_4p9:my_abs_num|      ; 32 (32)             ; 0 (0)                     ; 0                 ; 0          ; 0    ; 0            ; |VGA_Project|lpm_divide:Mod0|lpm_divide_0jo:auto_generated|abs_divider_6dg:divider|lpm_abs_4p9:my_abs_num    ; lpm_abs_4p9         ; work         ;
;    |lpm_divide:Mod1|                      ; 793 (0)             ; 0 (0)                     ; 0                 ; 0          ; 0    ; 0            ; |VGA_Project|lpm_divide:Mod1                                                                                 ; lpm_divide          ; work         ;
;       |lpm_divide_vio:auto_generated|     ; 793 (0)             ; 0 (0)                     ; 0                 ; 0          ; 0    ; 0            ; |VGA_Project|lpm_divide:Mod1|lpm_divide_vio:auto_generated                                                   ; lpm_divide_vio      ; work         ;
;          |abs_divider_5dg:divider|        ; 793 (15)            ; 0 (0)                     ; 0                 ; 0          ; 0    ; 0            ; |VGA_Project|lpm_divide:Mod1|lpm_divide_vio:auto_generated|abs_divider_5dg:divider                           ; abs_divider_5dg     ; work         ;
;             |alt_u_div_q2f:divider|       ; 746 (746)           ; 0 (0)                     ; 0                 ; 0          ; 0    ; 0            ; |VGA_Project|lpm_divide:Mod1|lpm_divide_vio:auto_generated|abs_divider_5dg:divider|alt_u_div_q2f:divider     ; alt_u_div_q2f       ; work         ;
;             |lpm_abs_4p9:my_abs_num|      ; 32 (32)             ; 0 (0)                     ; 0                 ; 0          ; 0    ; 0            ; |VGA_Project|lpm_divide:Mod1|lpm_divide_vio:auto_generated|abs_divider_5dg:divider|lpm_abs_4p9:my_abs_num    ; lpm_abs_4p9         ; work         ;
;    |lpm_divide:Mod2|                      ; 60 (0)              ; 0 (0)                     ; 0                 ; 0          ; 0    ; 0            ; |VGA_Project|lpm_divide:Mod2                                                                                 ; lpm_divide          ; work         ;
;       |lpm_divide_k3m:auto_generated|     ; 60 (0)              ; 0 (0)                     ; 0                 ; 0          ; 0    ; 0            ; |VGA_Project|lpm_divide:Mod2|lpm_divide_k3m:auto_generated                                                   ; lpm_divide_k3m      ; work         ;
;          |sign_div_unsign_nlh:divider|    ; 60 (0)              ; 0 (0)                     ; 0                 ; 0          ; 0    ; 0            ; |VGA_Project|lpm_divide:Mod2|lpm_divide_k3m:auto_generated|sign_div_unsign_nlh:divider                       ; sign_div_unsign_nlh ; work         ;
;             |alt_u_div_kve:divider|       ; 60 (60)             ; 0 (0)                     ; 0                 ; 0          ; 0    ; 0            ; |VGA_Project|lpm_divide:Mod2|lpm_divide_k3m:auto_generated|sign_div_unsign_nlh:divider|alt_u_div_kve:divider ; alt_u_div_kve       ; work         ;
;    |rom:vrom|                             ; 0 (0)               ; 0 (0)                     ; 768               ; 0          ; 0    ; 0            ; |VGA_Project|rom:vrom                                                                                        ; rom                 ; work         ;
;       |altsyncram:mem_rtl_0|              ; 0 (0)               ; 0 (0)                     ; 768               ; 0          ; 0    ; 0            ; |VGA_Project|rom:vrom|altsyncram:mem_rtl_0                                                                   ; altsyncram          ; work         ;
;          |altsyncram_p9d1:auto_generated| ; 0 (0)               ; 0 (0)                     ; 768               ; 0          ; 0    ; 0            ; |VGA_Project|rom:vrom|altsyncram:mem_rtl_0|altsyncram_p9d1:auto_generated                                    ; altsyncram_p9d1     ; work         ;
;    |vga_driver:vga_driver|                ; 61 (61)             ; 22 (22)                   ; 0                 ; 0          ; 0    ; 0            ; |VGA_Project|vga_driver:vga_driver                                                                           ; vga_driver          ; work         ;
+-------------------------------------------+---------------------+---------------------------+-------------------+------------+------+--------------+--------------------------------------------------------------------------------------------------------------+---------------------+--------------+
Note: For table entries with two numbers listed, the numbers in parentheses indicate the number of resources of the given type used by the specific entity alone. The numbers listed outside of parentheses indicate the total resources of the given type used by the specific entity and all of its sub-entities in the hierarchy.


+------------------------------------------------------------------------------------------------------------------------------------------------------------------------------------------------------+
; Analysis & Synthesis RAM Summary                                                                                                                                                                     ;
+-------------------------------------------------------------------------+------+------+--------------+--------------+--------------+--------------+-------+------------------------------------------+
; Name                                                                    ; Type ; Mode ; Port A Depth ; Port A Width ; Port B Depth ; Port B Width ; Size  ; MIF                                      ;
+-------------------------------------------------------------------------+------+------+--------------+--------------+--------------+--------------+-------+------------------------------------------+
; rom:vrom|altsyncram:mem_rtl_0|altsyncram_p9d1:auto_generated|ALTSYNCRAM ; AUTO ; ROM  ; 8192         ; 3            ; --           ; --           ; 24576 ; db/VGA_Project.ram0_rom_603efe6d.hdl.mif ;
+-------------------------------------------------------------------------+------+------+--------------+--------------+--------------+--------------+-------+------------------------------------------+


+---------------------------------------------------------------------------------+
; Registers Removed During Synthesis                                              ;
+----------------------------------------+----------------------------------------+
; Register name                          ; Reason for Removal                     ;
+----------------------------------------+----------------------------------------+
; rom_addr[8..12]                        ; Stuck at GND due to stuck port data_in ;
; mode[2..9,11..31]                      ; Merged with mode[10]                   ;
; mode[10]                               ; Stuck at GND due to stuck port data_in ;
; Total Number of Removed Registers = 35 ;                                        ;
+----------------------------------------+----------------------------------------+


+------------------------------------------------------+
; General Register Statistics                          ;
+----------------------------------------------+-------+
; Statistic                                    ; Value ;
+----------------------------------------------+-------+
; Total registers                              ; 77    ;
; Number of registers using Synchronous Clear  ; 0     ;
; Number of registers using Synchronous Load   ; 0     ;
; Number of registers using Asynchronous Clear ; 0     ;
; Number of registers using Asynchronous Load  ; 0     ;
; Number of registers using Clock Enable       ; 28    ;
; Number of registers using Preset             ; 0     ;
+----------------------------------------------+-------+


+---------------------------------------------------+
; Inverted Register Statistics                      ;
+-----------------------------------------+---------+
; Inverted Register                       ; Fan out ;
+-----------------------------------------+---------+
; pixel[1]                                ; 10      ;
; pixel[2]                                ; 9       ;
; pixel[0]                                ; 11      ;
; vga_driver:vga_driver|h_cnt[5]          ; 14      ;
; vga_driver:vga_driver|h_cnt[6]          ; 10      ;
; vga_driver:vga_driver|h_cnt[4]          ; 7       ;
; vga_driver:vga_driver|h_cnt[8]          ; 9       ;
; vga_driver:vga_driver|h_cnt[9]          ; 7       ;
; vga_driver:vga_driver|h_cnt[0]          ; 5       ;
; vga_driver:vga_driver|h_cnt[1]          ; 6       ;
; vga_driver:vga_driver|h_cnt[2]          ; 6       ;
; vga_driver:vga_driver|h_cnt[3]          ; 6       ;
; vga_driver:vga_driver|h_cnt[7]          ; 11      ;
; vga_driver:vga_driver|v_cnt[1]          ; 4       ;
; vga_driver:vga_driver|v_cnt[2]          ; 4       ;
; vga_driver:vga_driver|v_cnt[0]          ; 4       ;
; vga_driver:vga_driver|v_cnt[9]          ; 4       ;
; vga_driver:vga_driver|v_cnt[8]          ; 3       ;
; vga_driver:vga_driver|v_cnt[7]          ; 3       ;
; vga_driver:vga_driver|v_cnt[6]          ; 3       ;
; vga_driver:vga_driver|v_cnt[5]          ; 3       ;
; vga_driver:vga_driver|v_cnt[4]          ; 3       ;
; vga_driver:vga_driver|v_cnt[3]          ; 3       ;
; Total number of inverted registers = 23 ;         ;
+-----------------------------------------+---------+


+----------------------------------------------+
; Registers Packed Into Inferred Megafunctions ;
+------------------+--------------------+------+
; Register Name    ; Megafunction       ; Type ;
+------------------+--------------------+------+
; rom:vrom|q[0..2] ; rom:vrom|mem_rtl_0 ; RAM  ;
+------------------+--------------------+------+


+------------------------------------------------------------------------------------------------------------------------------------------+
; Multiplexer Restructuring Statistics (Restructuring Performed)                                                                           ;
+--------------------+-----------+---------------+----------------------+------------------------+------------+----------------------------+
; Multiplexer Inputs ; Bus Width ; Baseline Area ; Area if Restructured ; Saving if Restructured ; Registered ; Example Multiplexer Output ;
+--------------------+-----------+---------------+----------------------+------------------------+------------+----------------------------+
; 5:1                ; 3 bits    ; 9 LEs         ; 6 LEs                ; 3 LEs                  ; Yes        ; |VGA_Project|LED[0]~reg0   ;
; 5:1                ; 3 bits    ; 9 LEs         ; 6 LEs                ; 3 LEs                  ; Yes        ; |VGA_Project|LED[3]~reg0   ;
; 10:1               ; 3 bits    ; 18 LEs        ; 15 LEs               ; 3 LEs                  ; Yes        ; |VGA_Project|pixel[1]      ;
+--------------------+-----------+---------------+----------------------+------------------------+------------+----------------------------+


+-------------------------------------------------------------------------------------+
; Source assignments for rom:vrom|altsyncram:mem_rtl_0|altsyncram_p9d1:auto_generated ;
+---------------------------------+--------------------+------+-----------------------+
; Assignment                      ; Value              ; From ; To                    ;
+---------------------------------+--------------------+------+-----------------------+
; OPTIMIZE_POWER_DURING_SYNTHESIS ; NORMAL_COMPILATION ; -    ; -                     ;
+---------------------------------+--------------------+------+-----------------------+


+-------------------------------------------------------+
; Parameter Settings for User Entity Instance: rom:vrom ;
+----------------+---------+----------------------------+
; Parameter Name ; Value   ; Type                       ;
+----------------+---------+----------------------------+
; ADDRESS_WIDTH  ; 13      ; Signed Integer             ;
; WIDTH          ; 3       ; Signed Integer             ;
; FILE           ; rom.txt ; String                     ;
+----------------+---------+----------------------------+
Note: In order to hide this table in the UI and the text report file, please set the "Show Parameter Settings in Synthesis Report" option in "Analysis and Synthesis Settings -> More Settings" to "Off".


+--------------------------------------------------------------------+
; Parameter Settings for User Entity Instance: vga_driver:vga_driver ;
+----------------+-------+-------------------------------------------+
; Parameter Name ; Value ; Type                                      ;
+----------------+-------+-------------------------------------------+
; H_front_t      ; 16    ; Signed Integer                            ;
; H_sync_t       ; 96    ; Signed Integer                            ;
; H_back_t       ; 48    ; Signed Integer                            ;
; H_active_t     ; 640   ; Signed Integer                            ;
; H_blank_t      ; 160   ; Signed Integer                            ;
; H_total_t      ; 800   ; Signed Integer                            ;
; V_front_t      ; 10    ; Signed Integer                            ;
; V_sync_t       ; 2     ; Signed Integer                            ;
; V_back_t       ; 33    ; Signed Integer                            ;
; V_active_t     ; 480   ; Signed Integer                            ;
; V_blank_t      ; 45    ; Signed Integer                            ;
; V_total_t      ; 525   ; Signed Integer                            ;
+----------------+-------+-------------------------------------------+
Note: In order to hide this table in the UI and the text report file, please set the "Show Parameter Settings in Synthesis Report" option in "Analysis and Synthesis Settings -> More Settings" to "Off".


+------------------------------------------------------------------------------------------------+
; Parameter Settings for Inferred Entity Instance: rom:vrom|altsyncram:mem_rtl_0                 ;
+------------------------------------+------------------------------------------+----------------+
; Parameter Name                     ; Value                                    ; Type           ;
+------------------------------------+------------------------------------------+----------------+
; BYTE_SIZE_BLOCK                    ; 8                                        ; Untyped        ;
; AUTO_CARRY_CHAINS                  ; ON                                       ; AUTO_CARRY     ;
; IGNORE_CARRY_BUFFERS               ; OFF                                      ; IGNORE_CARRY   ;
; AUTO_CASCADE_CHAINS                ; ON                                       ; AUTO_CASCADE   ;
; IGNORE_CASCADE_BUFFERS             ; OFF                                      ; IGNORE_CASCADE ;
; WIDTH_BYTEENA                      ; 1                                        ; Untyped        ;
; OPERATION_MODE                     ; ROM                                      ; Untyped        ;
; WIDTH_A                            ; 3                                        ; Untyped        ;
; WIDTHAD_A                          ; 13                                       ; Untyped        ;
; NUMWORDS_A                         ; 8192                                     ; Untyped        ;
; OUTDATA_REG_A                      ; UNREGISTERED                             ; Untyped        ;
; ADDRESS_ACLR_A                     ; NONE                                     ; Untyped        ;
; OUTDATA_ACLR_A                     ; NONE                                     ; Untyped        ;
; WRCONTROL_ACLR_A                   ; NONE                                     ; Untyped        ;
; INDATA_ACLR_A                      ; NONE                                     ; Untyped        ;
; BYTEENA_ACLR_A                     ; NONE                                     ; Untyped        ;
; WIDTH_B                            ; 1                                        ; Untyped        ;
; WIDTHAD_B                          ; 1                                        ; Untyped        ;
; NUMWORDS_B                         ; 1                                        ; Untyped        ;
; INDATA_REG_B                       ; CLOCK1                                   ; Untyped        ;
; WRCONTROL_WRADDRESS_REG_B          ; CLOCK1                                   ; Untyped        ;
; RDCONTROL_REG_B                    ; CLOCK1                                   ; Untyped        ;
; ADDRESS_REG_B                      ; CLOCK1                                   ; Untyped        ;
; OUTDATA_REG_B                      ; UNREGISTERED                             ; Untyped        ;
; BYTEENA_REG_B                      ; CLOCK1                                   ; Untyped        ;
; INDATA_ACLR_B                      ; NONE                                     ; Untyped        ;
; WRCONTROL_ACLR_B                   ; NONE                                     ; Untyped        ;
; ADDRESS_ACLR_B                     ; NONE                                     ; Untyped        ;
; OUTDATA_ACLR_B                     ; NONE                                     ; Untyped        ;
; RDCONTROL_ACLR_B                   ; NONE                                     ; Untyped        ;
; BYTEENA_ACLR_B                     ; NONE                                     ; Untyped        ;
; WIDTH_BYTEENA_A                    ; 1                                        ; Untyped        ;
; WIDTH_BYTEENA_B                    ; 1                                        ; Untyped        ;
; RAM_BLOCK_TYPE                     ; AUTO                                     ; Untyped        ;
; BYTE_SIZE                          ; 8                                        ; Untyped        ;
; READ_DURING_WRITE_MODE_MIXED_PORTS ; DONT_CARE                                ; Untyped        ;
; READ_DURING_WRITE_MODE_PORT_A      ; NEW_DATA_NO_NBE_READ                     ; Untyped        ;
; READ_DURING_WRITE_MODE_PORT_B      ; NEW_DATA_NO_NBE_READ                     ; Untyped        ;
; INIT_FILE                          ; db/VGA_Project.ram0_rom_603efe6d.hdl.mif ; Untyped        ;
; INIT_FILE_LAYOUT                   ; PORT_A                                   ; Untyped        ;
; MAXIMUM_DEPTH                      ; 0                                        ; Untyped        ;
; CLOCK_ENABLE_INPUT_A               ; NORMAL                                   ; Untyped        ;
; CLOCK_ENABLE_INPUT_B               ; NORMAL                                   ; Untyped        ;
; CLOCK_ENABLE_OUTPUT_A              ; NORMAL                                   ; Untyped        ;
; CLOCK_ENABLE_OUTPUT_B              ; NORMAL                                   ; Untyped        ;
; CLOCK_ENABLE_CORE_A                ; USE_INPUT_CLKEN                          ; Untyped        ;
; CLOCK_ENABLE_CORE_B                ; USE_INPUT_CLKEN                          ; Untyped        ;
; ENABLE_ECC                         ; FALSE                                    ; Untyped        ;
; ECC_PIPELINE_STAGE_ENABLED         ; FALSE                                    ; Untyped        ;
; WIDTH_ECCSTATUS                    ; 3                                        ; Untyped        ;
; DEVICE_FAMILY                      ; Cyclone V                                ; Untyped        ;
; CBXI_PARAMETER                     ; altsyncram_p9d1                          ; Untyped        ;
+------------------------------------+------------------------------------------+----------------+
Note: In order to hide this table in the UI and the text report file, please set the "Show Parameter Settings in Synthesis Report" option in "Analysis and Synthesis Settings -> More Settings" to "Off".


+------------------------------------------------------------------+
; Parameter Settings for Inferred Entity Instance: lpm_divide:Mod1 ;
+------------------------+----------------+------------------------+
; Parameter Name         ; Value          ; Type                   ;
+------------------------+----------------+------------------------+
; LPM_WIDTHN             ; 32             ; Untyped                ;
; LPM_WIDTHD             ; 15             ; Untyped                ;
; LPM_NREPRESENTATION    ; SIGNED         ; Untyped                ;
; LPM_DREPRESENTATION    ; SIGNED         ; Untyped                ;
; LPM_PIPELINE           ; 0              ; Untyped                ;
; LPM_REMAINDERPOSITIVE  ; FALSE          ; Untyped                ;
; MAXIMIZE_SPEED         ; 5              ; Untyped                ;
; CBXI_PARAMETER         ; lpm_divide_vio ; Untyped                ;
; CARRY_CHAIN            ; MANUAL         ; Untyped                ;
; OPTIMIZE_FOR_SPEED     ; 5              ; Untyped                ;
; AUTO_CARRY_CHAINS      ; ON             ; AUTO_CARRY             ;
; IGNORE_CARRY_BUFFERS   ; OFF            ; IGNORE_CARRY           ;
; AUTO_CASCADE_CHAINS    ; ON             ; AUTO_CASCADE           ;
; IGNORE_CASCADE_BUFFERS ; OFF            ; IGNORE_CASCADE         ;
+------------------------+----------------+------------------------+
Note: In order to hide this table in the UI and the text report file, please set the "Show Parameter Settings in Synthesis Report" option in "Analysis and Synthesis Settings -> More Settings" to "Off".


+------------------------------------------------------------------+
; Parameter Settings for Inferred Entity Instance: lpm_divide:Mod0 ;
+------------------------+----------------+------------------------+
; Parameter Name         ; Value          ; Type                   ;
+------------------------+----------------+------------------------+
; LPM_WIDTHN             ; 32             ; Untyped                ;
; LPM_WIDTHD             ; 25             ; Untyped                ;
; LPM_NREPRESENTATION    ; SIGNED         ; Untyped                ;
; LPM_DREPRESENTATION    ; SIGNED         ; Untyped                ;
; LPM_PIPELINE           ; 0              ; Untyped                ;
; LPM_REMAINDERPOSITIVE  ; FALSE          ; Untyped                ;
; MAXIMIZE_SPEED         ; 5              ; Untyped                ;
; CBXI_PARAMETER         ; lpm_divide_0jo ; Untyped                ;
; CARRY_CHAIN            ; MANUAL         ; Untyped                ;
; OPTIMIZE_FOR_SPEED     ; 5              ; Untyped                ;
; AUTO_CARRY_CHAINS      ; ON             ; AUTO_CARRY             ;
; IGNORE_CARRY_BUFFERS   ; OFF            ; IGNORE_CARRY           ;
; AUTO_CASCADE_CHAINS    ; ON             ; AUTO_CASCADE           ;
; IGNORE_CASCADE_BUFFERS ; OFF            ; IGNORE_CASCADE         ;
+------------------------+----------------+------------------------+
Note: In order to hide this table in the UI and the text report file, please set the "Show Parameter Settings in Synthesis Report" option in "Analysis and Synthesis Settings -> More Settings" to "Off".


+------------------------------------------------------------------+
; Parameter Settings for Inferred Entity Instance: lpm_divide:Mod2 ;
+------------------------+----------------+------------------------+
; Parameter Name         ; Value          ; Type                   ;
+------------------------+----------------+------------------------+
; LPM_WIDTHN             ; 10             ; Untyped                ;
; LPM_WIDTHD             ; 7              ; Untyped                ;
; LPM_NREPRESENTATION    ; UNSIGNED       ; Untyped                ;
; LPM_DREPRESENTATION    ; UNSIGNED       ; Untyped                ;
; LPM_PIPELINE           ; 0              ; Untyped                ;
; LPM_REMAINDERPOSITIVE  ; TRUE           ; Untyped                ;
; MAXIMIZE_SPEED         ; 5              ; Untyped                ;
; CBXI_PARAMETER         ; lpm_divide_k3m ; Untyped                ;
; CARRY_CHAIN            ; MANUAL         ; Untyped                ;
; OPTIMIZE_FOR_SPEED     ; 5              ; Untyped                ;
; AUTO_CARRY_CHAINS      ; ON             ; AUTO_CARRY             ;
; IGNORE_CARRY_BUFFERS   ; OFF            ; IGNORE_CARRY           ;
; AUTO_CASCADE_CHAINS    ; ON             ; AUTO_CASCADE           ;
; IGNORE_CASCADE_BUFFERS ; OFF            ; IGNORE_CASCADE         ;
+------------------------+----------------+------------------------+
Note: In order to hide this table in the UI and the text report file, please set the "Show Parameter Settings in Synthesis Report" option in "Analysis and Synthesis Settings -> More Settings" to "Off".


+---------------------------------------------------------------------------+
; altsyncram Parameter Settings by Entity Instance                          ;
+-------------------------------------------+-------------------------------+
; Name                                      ; Value                         ;
+-------------------------------------------+-------------------------------+
; Number of entity instances                ; 1                             ;
; Entity Instance                           ; rom:vrom|altsyncram:mem_rtl_0 ;
;     -- OPERATION_MODE                     ; ROM                           ;
;     -- WIDTH_A                            ; 3                             ;
;     -- NUMWORDS_A                         ; 8192                          ;
;     -- OUTDATA_REG_A                      ; UNREGISTERED                  ;
;     -- WIDTH_B                            ; 1                             ;
;     -- NUMWORDS_B                         ; 1                             ;
;     -- ADDRESS_REG_B                      ; CLOCK1                        ;
;     -- OUTDATA_REG_B                      ; UNREGISTERED                  ;
;     -- RAM_BLOCK_TYPE                     ; AUTO                          ;
;     -- READ_DURING_WRITE_MODE_MIXED_PORTS ; DONT_CARE                     ;
+-------------------------------------------+-------------------------------+


+-----------------------------------------------------+
; Post-Synthesis Netlist Statistics for Top Partition ;
+-----------------------+-----------------------------+
; Type                  ; Count                       ;
+-----------------------+-----------------------------+
; arriav_ff             ; 77                          ;
;     ENA               ; 28                          ;
;     plain             ; 49                          ;
; arriav_lcell_comb     ; 1668                        ;
;     arith             ; 767                         ;
;         0 data inputs ; 63                          ;
;         1 data inputs ; 97                          ;
;         2 data inputs ; 97                          ;
;         3 data inputs ; 253                         ;
;         4 data inputs ; 257                         ;
;     extend            ; 1                           ;
;         7 data inputs ; 1                           ;
;     normal            ; 860                         ;
;         1 data inputs ; 20                          ;
;         2 data inputs ; 531                         ;
;         3 data inputs ; 53                          ;
;         4 data inputs ; 191                         ;
;         5 data inputs ; 9                           ;
;         6 data inputs ; 56                          ;
;     shared            ; 40                          ;
;         0 data inputs ; 2                           ;
;         1 data inputs ; 38                          ;
; boundary_port         ; 38                          ;
; stratixv_ram_block    ; 3                           ;
;                       ;                             ;
; Max LUT depth         ; 56.20                       ;
; Average LUT depth     ; 40.45                       ;
+-----------------------+-----------------------------+


+-------------------------------+
; Elapsed Time Per Partition    ;
+----------------+--------------+
; Partition Name ; Elapsed Time ;
+----------------+--------------+
; Top            ; 00:00:03     ;
+----------------+--------------+


+-------------------------------+
; Analysis & Synthesis Messages ;
+-------------------------------+
Info: *******************************************************************
Info: Running Quartus Prime Analysis & Synthesis
    Info: Version 21.1.0 Build 842 10/21/2021 SJ Lite Edition
    Info: Processing started: Fri Jun 24 14:09:15 2022
Info: Command: quartus_map --read_settings_files=on --write_settings_files=off VGA_Project -c VGA_Project
Warning (18236): Number of processors has not been specified which may cause overloading on shared machines.  Set the global assignment NUM_PARALLEL_PROCESSORS in your QSF to an appropriate value for best performance.
Info (20030): Parallel compilation is enabled and will use 8 of the 8 processors detected
Info (12021): Found 1 design units, including 1 entities, in source file vga_project.v
    Info (12023): Found entity 1: VGA_Project File: B:/Local_workspace/VGA_Project/VGA_Project.v Line: 1
Info (12021): Found 1 design units, including 1 entities, in source file rom.v
    Info (12023): Found entity 1: rom File: B:/Local_workspace/VGA_Project/rom.v Line: 1
Info (12021): Found 1 design units, including 1 entities, in source file vga_driver.v
    Info (12023): Found entity 1: vga_driver File: B:/Local_workspace/VGA_Project/vga_driver.v Line: 1
Info (12127): Elaborating entity "VGA_Project" for the top level hierarchy
Warning (10230): Verilog HDL assignment warning at VGA_Project.v(13): truncated value with size 8 to match size of target (3) File: B:/Local_workspace/VGA_Project/VGA_Project.v Line: 13
Warning (10230): Verilog HDL assignment warning at VGA_Project.v(14): truncated value with size 8 to match size of target (3) File: B:/Local_workspace/VGA_Project/VGA_Project.v Line: 14
Warning (10230): Verilog HDL assignment warning at VGA_Project.v(33): truncated value with size 32 to match size of target (10) File: B:/Local_workspace/VGA_Project/VGA_Project.v Line: 33
Warning (10230): Verilog HDL assignment warning at VGA_Project.v(50): truncated value with size 8 to match size of target (3) File: B:/Local_workspace/VGA_Project/VGA_Project.v Line: 50
Warning (10230): Verilog HDL assignment warning at VGA_Project.v(60): truncated value with size 8 to match size of target (3) File: B:/Local_workspace/VGA_Project/VGA_Project.v Line: 60
Warning (10230): Verilog HDL assignment warning at VGA_Project.v(68): truncated value with size 8 to match size of target (3) File: B:/Local_workspace/VGA_Project/VGA_Project.v Line: 68
Info (12128): Elaborating entity "rom" for hierarchy "rom:vrom" File: B:/Local_workspace/VGA_Project/VGA_Project.v Line: 36
Warning (10030): Net "mem.data_a" at rom.v(11) has no driver or initial value, using a default initial value '0' File: B:/Local_workspace/VGA_Project/rom.v Line: 11
Warning (10030): Net "mem.waddr_a" at rom.v(11) has no driver or initial value, using a default initial value '0' File: B:/Local_workspace/VGA_Project/rom.v Line: 11
Warning (10030): Net "mem.we_a" at rom.v(11) has no driver or initial value, using a default initial value '0' File: B:/Local_workspace/VGA_Project/rom.v Line: 11
Info (12128): Elaborating entity "vga_driver" for hierarchy "vga_driver:vga_driver" File: B:/Local_workspace/VGA_Project/VGA_Project.v Line: 38
Warning (10230): Verilog HDL assignment warning at vga_driver.v(26): truncated value with size 32 to match size of target (10) File: B:/Local_workspace/VGA_Project/vga_driver.v Line: 26
Warning (10230): Verilog HDL assignment warning at vga_driver.v(27): truncated value with size 32 to match size of target (10) File: B:/Local_workspace/VGA_Project/vga_driver.v Line: 27
Warning (10230): Verilog HDL assignment warning at vga_driver.v(34): truncated value with size 32 to match size of target (10) File: B:/Local_workspace/VGA_Project/vga_driver.v Line: 34
Warning (10230): Verilog HDL assignment warning at vga_driver.v(44): truncated value with size 32 to match size of target (10) File: B:/Local_workspace/VGA_Project/vga_driver.v Line: 44
Info (19000): Inferred 1 megafunctions from design logic
    Info (276029): Inferred altsyncram megafunction from the following design logic: "rom:vrom|mem_rtl_0" 
        Info (286033): Parameter OPERATION_MODE set to ROM
        Info (286033): Parameter WIDTH_A set to 3
        Info (286033): Parameter WIDTHAD_A set to 13
        Info (286033): Parameter NUMWORDS_A set to 8192
        Info (286033): Parameter OUTDATA_REG_A set to UNREGISTERED
        Info (286033): Parameter ADDRESS_ACLR_A set to NONE
        Info (286033): Parameter OUTDATA_ACLR_A set to NONE
        Info (286033): Parameter INDATA_ACLR_A set to NONE
        Info (286033): Parameter WRCONTROL_ACLR_A set to NONE
        Info (286033): Parameter INIT_FILE set to db/VGA_Project.ram0_rom_603efe6d.hdl.mif
Info (278001): Inferred 3 megafunctions from design logic
    Info (278004): Inferred divider/modulo megafunction ("lpm_divide") from the following logic: "Mod1" File: B:/Local_workspace/VGA_Project/VGA_Project.v Line: 47
    Info (278004): Inferred divider/modulo megafunction ("lpm_divide") from the following logic: "Mod0" File: B:/Local_workspace/VGA_Project/VGA_Project.v Line: 42
    Info (278004): Inferred divider/modulo megafunction ("lpm_divide") from the following logic: "Mod2" File: B:/Local_workspace/VGA_Project/VGA_Project.v Line: 59
Info (12130): Elaborated megafunction instantiation "rom:vrom|altsyncram:mem_rtl_0"
Info (12133): Instantiated megafunction "rom:vrom|altsyncram:mem_rtl_0" with the following parameter:
    Info (12134): Parameter "OPERATION_MODE" = "ROM"
    Info (12134): Parameter "WIDTH_A" = "3"
    Info (12134): Parameter "WIDTHAD_A" = "13"
    Info (12134): Parameter "NUMWORDS_A" = "8192"
    Info (12134): Parameter "OUTDATA_REG_A" = "UNREGISTERED"
    Info (12134): Parameter "ADDRESS_ACLR_A" = "NONE"
    Info (12134): Parameter "OUTDATA_ACLR_A" = "NONE"
    Info (12134): Parameter "INDATA_ACLR_A" = "NONE"
    Info (12134): Parameter "WRCONTROL_ACLR_A" = "NONE"
    Info (12134): Parameter "INIT_FILE" = "db/VGA_Project.ram0_rom_603efe6d.hdl.mif"
Info (12021): Found 1 design units, including 1 entities, in source file db/altsyncram_p9d1.tdf
    Info (12023): Found entity 1: altsyncram_p9d1 File: B:/Local_workspace/VGA_Project/db/altsyncram_p9d1.tdf Line: 28
Info (12130): Elaborated megafunction instantiation "lpm_divide:Mod1" File: B:/Local_workspace/VGA_Project/VGA_Project.v Line: 47
Info (12133): Instantiated megafunction "lpm_divide:Mod1" with the following parameter: File: B:/Local_workspace/VGA_Project/VGA_Project.v Line: 47
    Info (12134): Parameter "LPM_WIDTHN" = "32"
    Info (12134): Parameter "LPM_WIDTHD" = "15"
    Info (12134): Parameter "LPM_NREPRESENTATION" = "SIGNED"
    Info (12134): Parameter "LPM_DREPRESENTATION" = "SIGNED"
    Info (12134): Parameter "LPM_HINT" = "LPM_REMAINDERPOSITIVE=FALSE"
Info (12021): Found 1 design units, including 1 entities, in source file db/lpm_divide_vio.tdf
    Info (12023): Found entity 1: lpm_divide_vio File: B:/Local_workspace/VGA_Project/db/lpm_divide_vio.tdf Line: 25
Info (12021): Found 1 design units, including 1 entities, in source file db/abs_divider_5dg.tdf
    Info (12023): Found entity 1: abs_divider_5dg File: B:/Local_workspace/VGA_Project/db/abs_divider_5dg.tdf Line: 29
Info (12021): Found 1 design units, including 1 entities, in source file db/alt_u_div_q2f.tdf
    Info (12023): Found entity 1: alt_u_div_q2f File: B:/Local_workspace/VGA_Project/db/alt_u_div_q2f.tdf Line: 23
Info (12021): Found 1 design units, including 1 entities, in source file db/lpm_abs_5p9.tdf
    Info (12023): Found entity 1: lpm_abs_5p9 File: B:/Local_workspace/VGA_Project/db/lpm_abs_5p9.tdf Line: 23
Info (12021): Found 1 design units, including 1 entities, in source file db/lpm_abs_4p9.tdf
    Info (12023): Found entity 1: lpm_abs_4p9 File: B:/Local_workspace/VGA_Project/db/lpm_abs_4p9.tdf Line: 23
Info (12130): Elaborated megafunction instantiation "lpm_divide:Mod0" File: B:/Local_workspace/VGA_Project/VGA_Project.v Line: 42
Info (12133): Instantiated megafunction "lpm_divide:Mod0" with the following parameter: File: B:/Local_workspace/VGA_Project/VGA_Project.v Line: 42
    Info (12134): Parameter "LPM_WIDTHN" = "32"
    Info (12134): Parameter "LPM_WIDTHD" = "25"
    Info (12134): Parameter "LPM_NREPRESENTATION" = "SIGNED"
    Info (12134): Parameter "LPM_DREPRESENTATION" = "SIGNED"
    Info (12134): Parameter "LPM_HINT" = "LPM_REMAINDERPOSITIVE=FALSE"
Info (12021): Found 1 design units, including 1 entities, in source file db/lpm_divide_0jo.tdf
    Info (12023): Found entity 1: lpm_divide_0jo File: B:/Local_workspace/VGA_Project/db/lpm_divide_0jo.tdf Line: 25
Info (12021): Found 1 design units, including 1 entities, in source file db/abs_divider_6dg.tdf
    Info (12023): Found entity 1: abs_divider_6dg File: B:/Local_workspace/VGA_Project/db/abs_divider_6dg.tdf Line: 29
Info (12021): Found 1 design units, including 1 entities, in source file db/alt_u_div_s2f.tdf
    Info (12023): Found entity 1: alt_u_div_s2f File: B:/Local_workspace/VGA_Project/db/alt_u_div_s2f.tdf Line: 23
Info (12021): Found 1 design units, including 1 entities, in source file db/lpm_abs_6p9.tdf
    Info (12023): Found entity 1: lpm_abs_6p9 File: B:/Local_workspace/VGA_Project/db/lpm_abs_6p9.tdf Line: 23
Info (12130): Elaborated megafunction instantiation "lpm_divide:Mod2" File: B:/Local_workspace/VGA_Project/VGA_Project.v Line: 59
Info (12133): Instantiated megafunction "lpm_divide:Mod2" with the following parameter: File: B:/Local_workspace/VGA_Project/VGA_Project.v Line: 59
    Info (12134): Parameter "LPM_WIDTHN" = "10"
    Info (12134): Parameter "LPM_WIDTHD" = "7"
    Info (12134): Parameter "LPM_NREPRESENTATION" = "UNSIGNED"
    Info (12134): Parameter "LPM_DREPRESENTATION" = "UNSIGNED"
Info (12021): Found 1 design units, including 1 entities, in source file db/lpm_divide_k3m.tdf
    Info (12023): Found entity 1: lpm_divide_k3m File: B:/Local_workspace/VGA_Project/db/lpm_divide_k3m.tdf Line: 25
Info (12021): Found 1 design units, including 1 entities, in source file db/sign_div_unsign_nlh.tdf
    Info (12023): Found entity 1: sign_div_unsign_nlh File: B:/Local_workspace/VGA_Project/db/sign_div_unsign_nlh.tdf Line: 25
Info (12021): Found 1 design units, including 1 entities, in source file db/alt_u_div_kve.tdf
    Info (12023): Found entity 1: alt_u_div_kve File: B:/Local_workspace/VGA_Project/db/alt_u_div_kve.tdf Line: 23
Info (286030): Timing-Driven Synthesis is running
Info (17036): Removed 5 MSB VCC or GND address nodes from RAM block "rom:vrom|altsyncram:mem_rtl_0|altsyncram_p9d1:auto_generated|ALTSYNCRAM" File: B:/Local_workspace/VGA_Project/db/altsyncram_p9d1.tdf Line: 56
Info (144001): Generated suppressed messages file B:/Local_workspace/VGA_Project/output_files/VGA_Project.map.smsg
Info (16010): Generating hard_block partition "hard_block:auto_generated_inst"
    Info (16011): Adding 0 node(s), including 0 DDIO, 0 PLL, 0 transceiver and 0 LCELL
Info (21057): Implemented 1706 device resources after synthesis - the final resource count might be different
    Info (21058): Implemented 5 input pins
    Info (21059): Implemented 33 output pins
    Info (21061): Implemented 1665 logic cells
    Info (21064): Implemented 3 RAM segments
Info: Quartus Prime Analysis & Synthesis was successful. 0 errors, 14 warnings
    Info: Peak virtual memory: 4915 megabytes
    Info: Processing ended: Fri Jun 24 14:09:26 2022
    Info: Elapsed time: 00:00:11
    Info: Total CPU time (on all processors): 00:00:27


+------------------------------------------+
; Analysis & Synthesis Suppressed Messages ;
+------------------------------------------+
The suppressed messages can be found in B:/Local_workspace/VGA_Project/output_files/VGA_Project.map.smsg.


